#
# There is insufficient memory for the Java Runtime Environment to continue.
# Native memory allocation (malloc) failed to allocate 1848496 bytes for Chunk::new
# Possible reasons:
#   The system is out of physical RAM or swap space
#   The process is running with CompressedOops enabled, and the Java Heap may be blocking the growth of the native heap
# Possible solutions:
#   Reduce memory load on the system
#   Increase physical memory or swap space
#   Check if swap backing store is full
#   Decrease Java heap size (-Xmx/-Xms)
#   Decrease number of Java threads
#   Decrease Java thread stack sizes (-Xss)
#   Set larger code cache with -XX:ReservedCodeCacheSize=
#   JVM is running with Unscaled Compressed Oops mode in which the Java heap is
#     placed in the first 4GB address space. The Java Heap base address is the
#     maximum limit for the native heap growth. Please use -XX:HeapBaseMinAddress
#     to set the Java Heap base and to place the Java Heap above 4GB virtual address.
# This output file may be truncated or incomplete.
#
#  Out of Memory Error (./open/src/hotspot/share/memory/arena.cpp:195), pid=11088, tid=11524
#
# JRE version: Java(TM) SE Runtime Environment (15.0.2+7) (build 15.0.2+7-27)
# Java VM: Java HotSpot(TM) 64-Bit Server VM (15.0.2+7-27, mixed mode, sharing, tiered, compressed oops, g1 gc, windows-amd64)
# No core dump will be written. Minidumps are not enabled by default on client versions of Windows
#

---------------  S U M M A R Y ------------

Command Line: -Dfile.encoding=UTF-8 com.world.beauty.BeautyApplication

Host: Intel(R) Core(TM) i5-8300H CPU @ 2.30GHz, 8 cores, 7G,  Windows 10 , 64 bit Build 19041 (10.0.19041.928)
Time: Sat Apr 17 20:05:40 2021 Hora oficial do Brasil elapsed time: 1919.165779 seconds (0d 0h 31m 59s)

---------------  T H R E A D  ---------------

Current thread (0x000002cb8fe619a0):  JavaThread "C2 CompilerThread2" daemon [_thread_in_native, id=11524, stack(0x000000fe9ec00000,0x000000fe9ed00000)]


Current CompileTask:
C2:1919166 7447       4       org.springframework.core.annotation.AnnotatedElementUtils::getMergedAnnotationAttributes (22 bytes)

Stack: [0x000000fe9ec00000,0x000000fe9ed00000]
Native frames: (J=compiled Java code, j=interpreted, Vv=VM code, C=native code)
V  [jvm.dll+0x62ae9a]
V  [jvm.dll+0x7817a9]
V  [jvm.dll+0x782f03]
V  [jvm.dll+0x783563]
V  [jvm.dll+0x216325]
V  [jvm.dll+0x97f3a]
V  [jvm.dll+0x9861c]
V  [jvm.dll+0x32e2a8]
V  [jvm.dll+0x2f768a]
V  [jvm.dll+0x2f6a4a]
V  [jvm.dll+0x1ea705]
V  [jvm.dll+0x1e996e]
V  [jvm.dll+0x178567]
V  [jvm.dll+0x1f9225]
V  [jvm.dll+0x1f72cc]
V  [jvm.dll+0x74495d]
V  [jvm.dll+0x73d75a]
V  [jvm.dll+0x629c56]
C  [ucrtbase.dll+0x21bb2]
C  [KERNEL32.DLL+0x17034]
C  [ntdll.dll+0x52651]


---------------  P R O C E S S  ---------------

Threads class SMR info:
_java_thread_list=0x000002cb8fcf4510, length=22, elements={
0x000002cbfdb14220, 0x000002cbfdb15560, 0x000002cbfdb2df70, 0x000002cbfdb30840,
0x000002cbfdb35470, 0x000002cbfdb39ea0, 0x000002cbfdb3b0e0, 0x000002cbfdb4e260,
0x000002cbfe56b1f0, 0x000002cbfe56b6c0, 0x000002cb8fe70860, 0x000002cb8fe74bc0,
0x000002cbfe56bb90, 0x000002cbfe569eb0, 0x000002cb8fe63800, 0x000002cb8fe619a0,
0x000002cbfe5681d0, 0x000002cbfe56ad20, 0x000002cbfe56a380, 0x000002cbfe568b70,
0x000002cbfe569040, 0x000002cb8fe72070
}

Java Threads: ( => current thread )
  0x000002cbfdb14220 JavaThread "Reference Handler" daemon [_thread_blocked, id=2216, stack(0x000000fe9de00000,0x000000fe9df00000)]
  0x000002cbfdb15560 JavaThread "Finalizer" daemon [_thread_blocked, id=12572, stack(0x000000fe9df00000,0x000000fe9e000000)]
  0x000002cbfdb2df70 JavaThread "Signal Dispatcher" daemon [_thread_blocked, id=5676, stack(0x000000fe9e000000,0x000000fe9e100000)]
  0x000002cbfdb30840 JavaThread "Attach Listener" daemon [_thread_blocked, id=5716, stack(0x000000fe9e100000,0x000000fe9e200000)]
  0x000002cbfdb35470 JavaThread "Service Thread" daemon [_thread_blocked, id=276, stack(0x000000fe9e200000,0x000000fe9e300000)]
  0x000002cbfdb39ea0 JavaThread "C2 CompilerThread0" daemon [_thread_in_native, id=14004, stack(0x000000fe9e300000,0x000000fe9e400000)]
  0x000002cbfdb3b0e0 JavaThread "C1 CompilerThread0" daemon [_thread_blocked, id=12052, stack(0x000000fe9e400000,0x000000fe9e500000)]
  0x000002cbfdb4e260 JavaThread "Sweeper thread" daemon [_thread_blocked, id=11492, stack(0x000000fe9e500000,0x000000fe9e600000)]
  0x000002cbfe56b1f0 JavaThread "Notification Thread" daemon [_thread_blocked, id=14584, stack(0x000000fe9e600000,0x000000fe9e700000)]
  0x000002cbfe56b6c0 JavaThread "Common-Cleaner" daemon [_thread_blocked, id=408, stack(0x000000fe9e800000,0x000000fe9e900000)]
  0x000002cb8fe70860 JavaThread "Live Reload Server" daemon [_thread_in_native, id=4956, stack(0x000000fe9fc00000,0x000000fe9fd00000)]
  0x000002cb8fe74bc0 JavaThread "DestroyJavaVM" [_thread_blocked, id=5656, stack(0x000000fe9d700000,0x000000fe9d800000)]
  0x000002cbfe56bb90 JavaThread "Thread-9" [_thread_blocked, id=14364, stack(0x000000fe9d400000,0x000000fe9d500000)]
  0x000002cbfe569eb0 JavaThread "restartedMain" [_thread_in_native, id=13156, stack(0x000000fe9e900000,0x000000fe9ea00000)]
  0x000002cb8fe63800 JavaThread "C2 CompilerThread1" daemon [_thread_in_native, id=14192, stack(0x000000fe9d600000,0x000000fe9d700000)]
=>0x000002cb8fe619a0 JavaThread "C2 CompilerThread2" daemon [_thread_in_native, id=11524, stack(0x000000fe9ec00000,0x000000fe9ed00000)]
  0x000002cbfe5681d0 JavaThread "Catalina-utility-1" [_thread_blocked, id=12676, stack(0x000000fe9ed00000,0x000000fe9ee00000)]
  0x000002cbfe56ad20 JavaThread "Catalina-utility-2" [_thread_blocked, id=6216, stack(0x000000fe9ef00000,0x000000fe9f000000)]
  0x000002cbfe56a380 JavaThread "container-0" [_thread_blocked, id=3852, stack(0x000000fe9f500000,0x000000fe9f600000)]
  0x000002cbfe568b70 JavaThread "PostgreSQL-JDBC-SharedTimer-3" daemon [_thread_blocked, id=1576, stack(0x000000fe9f600000,0x000000fe9f700000)]
  0x000002cbfe569040 JavaThread "HikariPool-3 housekeeper" daemon [_thread_blocked, id=14104, stack(0x000000fe9f700000,0x000000fe9f800000)]
  0x000002cb8fe72070 JavaThread "HikariPool-3 connection adder" daemon [_thread_in_native, id=9412, stack(0x000000fe9f800000,0x000000fe9f900000)]

Other Threads:
  0x000002cbfdb10220 VMThread "VM Thread" [stack: 0x000000fe9dd00000,0x000000fe9de00000] [id=9992]
  0x000002cbfe56fd50 WatcherThread [stack: 0x000000fe9e700000,0x000000fe9e800000] [id=9224]
  0x000002cbee178c40 GCTaskThread "GC Thread#0" [stack: 0x000000fe9d800000,0x000000fe9d900000] [id=11768]
  0x000002cbfea0b370 GCTaskThread "GC Thread#1" [stack: 0x000000fe9ea00000,0x000000fe9eb00000] [id=3156]
  0x000002cbfea0a6b0 GCTaskThread "GC Thread#2" [stack: 0x000000fe9eb00000,0x000000fe9ec00000] [id=1580]
  0x000002cbfea0d680 GCTaskThread "GC Thread#3" [stack: 0x000000fe9f000000,0x000000fe9f100000] [id=15228]
  0x000002cbfea0d020 GCTaskThread "GC Thread#4" [stack: 0x000000fe9f100000,0x000000fe9f200000] [id=5344]
  0x000002cbfea0b9d0 GCTaskThread "GC Thread#5" [stack: 0x000000fe9f200000,0x000000fe9f300000] [id=6032]
  0x000002cbfea0d350 GCTaskThread "GC Thread#6" [stack: 0x000000fe9f300000,0x000000fe9f400000] [id=10128]
  0x000002cbfea0d9b0 GCTaskThread "GC Thread#7" [stack: 0x000000fe9f400000,0x000000fe9f500000] [id=4620]
  0x000002cbee18afd0 ConcurrentGCThread "G1 Main Marker" [stack: 0x000000fe9d900000,0x000000fe9da00000] [id=7376]
  0x000002cbee18bac0 ConcurrentGCThread "G1 Conc#0" [stack: 0x000000fe9da00000,0x000000fe9db00000] [id=13612]
  0x000002cbfea0c360 ConcurrentGCThread "G1 Conc#1" [stack: 0x000000fe9ee00000,0x000000fe9ef00000] [id=8716]
  0x000002cbee1f4d40 ConcurrentGCThread "G1 Refine#0" [stack: 0x000000fe9db00000,0x000000fe9dc00000] [id=5400]
  0x000002cbee1f5840 ConcurrentGCThread "G1 Young RemSet Sampling" [stack: 0x000000fe9dc00000,0x000000fe9dd00000] [id=12684]

Threads with active compile tasks:
C2 CompilerThread0  1919275 7490   !   4       org.springframework.beans.factory.support.DefaultListableBeanFactory::doGetBeanNamesForType (511 bytes)
C2 CompilerThread1  1919275 7399       4       org.springframework.beans.factory.support.AbstractBeanFactory::isTypeMatch (607 bytes)
C2 CompilerThread2  1919276 7447       4       org.springframework.core.annotation.AnnotatedElementUtils::getMergedAnnotationAttributes (22 bytes)

VM state: not at safepoint (normal execution)

VM Mutex/Monitor currently owned by a thread: None

Heap address: 0x0000000083200000, size: 1998 MB, Compressed Oops mode: 32-bit
CDS archive(s) mapped at: [0x0000000800000000-0x0000000800b50000-0x0000000800b50000), size 11862016, SharedBaseAddress: 0x0000000800000000, ArchiveRelocationMode: 0.
Compressed class space mapped at: 0x0000000800b50000-0x0000000840b50000, size: 1073741824
Narrow klass base: 0x0000000800000000, Narrow klass shift: 3, Narrow klass range: 0x100000000

GC Precious Log:
 CPUs: 8 total, 8 available
 Memory: 7986M
 Large Page Support: Disabled
 NUMA Support: Disabled
 Compressed Oops: Enabled (32-bit)
 Heap Region Size: 1M
 Heap Min Capacity: 8M
 Heap Initial Capacity: 126M
 Heap Max Capacity: 1998M
 Pre-touch: Disabled
 Parallel Workers: 8
 Concurrent Workers: 2
 Concurrent Refinement Workers: 8
 Periodic GC: Disabled

Heap:
 garbage-first heap   total 70656K, used 37735K [0x0000000083200000, 0x0000000100000000)
  region size 1024K, 8 young (8192K), 1 survivors (1024K)
 Metaspace       used 58816K, capacity 59486K, committed 59696K, reserved 1101824K
  class space    used 7540K, capacity 7762K, committed 7808K, reserved 1048576K

Heap Regions: E=young(eden), S=young(survivor), O=old, HS=humongous(starts), HC=humongous(continues), CS=collection set, F=free, OA=open archive, CA=closed archive, TAMS=top-at-mark-start (previous, next)
|   0|0x0000000083200000, 0x0000000083300000, 0x0000000083300000|100%|HS|  |TAMS 0x0000000083300000, 0x0000000083200000| Complete 
|   1|0x0000000083300000, 0x00000000833fe6b0, 0x0000000083400000| 99%| O|  |TAMS 0x00000000833fe6b0, 0x0000000083300000| Untracked 
|   2|0x0000000083400000, 0x0000000083500000, 0x0000000083500000|100%| O|  |TAMS 0x0000000083500000, 0x0000000083400000| Untracked 
|   3|0x0000000083500000, 0x00000000835ffff8, 0x0000000083600000| 99%| O|  |TAMS 0x00000000835ffff8, 0x0000000083500000| Untracked 
|   4|0x0000000083600000, 0x0000000083700000, 0x0000000083700000|100%| O|  |TAMS 0x0000000083700000, 0x0000000083600000| Untracked 
|   5|0x0000000083700000, 0x00000000837ffff8, 0x0000000083800000| 99%| O|  |TAMS 0x00000000837ffff8, 0x0000000083700000| Untracked 
|   6|0x0000000083800000, 0x0000000083900000, 0x0000000083900000|100%| O|  |TAMS 0x0000000083900000, 0x0000000083800000| Untracked 
|   7|0x0000000083900000, 0x00000000839ffff8, 0x0000000083a00000| 99%| O|  |TAMS 0x00000000839ffff8, 0x0000000083900000| Untracked 
|   8|0x0000000083a00000, 0x0000000083afffd0, 0x0000000083b00000| 99%| O|  |TAMS 0x0000000083afffd0, 0x0000000083a00000| Untracked 
|   9|0x0000000083b00000, 0x0000000083c00000, 0x0000000083c00000|100%| O|  |TAMS 0x0000000083c00000, 0x0000000083b00000| Untracked 
|  10|0x0000000083c00000, 0x0000000083cffff0, 0x0000000083d00000| 99%| O|  |TAMS 0x0000000083cffff0, 0x0000000083c00000| Untracked 
|  11|0x0000000083d00000, 0x0000000083dffff0, 0x0000000083e00000| 99%| O|  |TAMS 0x0000000083dffff0, 0x0000000083d00000| Untracked 
|  12|0x0000000083e00000, 0x0000000083f00000, 0x0000000083f00000|100%| O|  |TAMS 0x0000000083f00000, 0x0000000083e00000| Untracked 
|  13|0x0000000083f00000, 0x0000000083ffffd0, 0x0000000084000000| 99%| O|  |TAMS 0x0000000083ffffd0, 0x0000000083f00000| Untracked 
|  14|0x0000000084000000, 0x00000000840ffff8, 0x0000000084100000| 99%| O|  |TAMS 0x00000000840ffff8, 0x0000000084000000| Untracked 
|  15|0x0000000084100000, 0x00000000841ffff0, 0x0000000084200000| 99%| O|  |TAMS 0x00000000841ffff0, 0x0000000084100000| Untracked 
|  16|0x0000000084200000, 0x00000000842fff88, 0x0000000084300000| 99%| O|  |TAMS 0x00000000842fff88, 0x0000000084200000| Untracked 
|  17|0x0000000084300000, 0x0000000084400000, 0x0000000084400000|100%| O|  |TAMS 0x0000000084400000, 0x0000000084300000| Untracked 
|  18|0x0000000084400000, 0x00000000844fffe8, 0x0000000084500000| 99%| O|  |TAMS 0x00000000844fffe8, 0x0000000084400000| Untracked 
|  19|0x0000000084500000, 0x00000000845fffe0, 0x0000000084600000| 99%| O|  |TAMS 0x00000000845fffe0, 0x0000000084500000| Untracked 
|  20|0x0000000084600000, 0x00000000846ffff8, 0x0000000084700000| 99%| O|  |TAMS 0x00000000846ffff8, 0x0000000084600000| Untracked 
|  21|0x0000000084700000, 0x00000000847feec0, 0x0000000084800000| 99%| O|  |TAMS 0x00000000847feec0, 0x0000000084700000| Untracked 
|  22|0x0000000084800000, 0x00000000848ffff0, 0x0000000084900000| 99%| O|  |TAMS 0x00000000848ffff0, 0x0000000084800000| Untracked 
|  23|0x0000000084900000, 0x00000000849ffff0, 0x0000000084a00000| 99%| O|  |TAMS 0x00000000849ffff0, 0x0000000084900000| Untracked 
|  24|0x0000000084a00000, 0x0000000084affff8, 0x0000000084b00000| 99%| O|  |TAMS 0x0000000084affff8, 0x0000000084a00000| Untracked 
|  25|0x0000000084b00000, 0x0000000084be9068, 0x0000000084c00000| 91%| O|  |TAMS 0x0000000084be9068, 0x0000000084b00000| Untracked 
|  26|0x0000000084c00000, 0x0000000084cffff0, 0x0000000084d00000| 99%| O|  |TAMS 0x0000000084cffff0, 0x0000000084c00000| Untracked 
|  27|0x0000000084d00000, 0x0000000084da76a8, 0x0000000084e00000| 65%| O|  |TAMS 0x0000000084da76a8, 0x0000000084d00000| Untracked 
|  28|0x0000000084e00000, 0x0000000084e0c9c0, 0x0000000084f00000|  4%| O|  |TAMS 0x0000000084e0c9c0, 0x0000000084e00000| Untracked 
|  29|0x0000000084f00000, 0x0000000084f2c2c0, 0x0000000085000000| 17%| O|  |TAMS 0x0000000084f2c2c0, 0x0000000084f00000| Untracked 
|  30|0x0000000085000000, 0x0000000085100000, 0x0000000085100000|100%| O|  |TAMS 0x0000000085100000, 0x0000000085000000| Untracked 
|  31|0x0000000085100000, 0x0000000085169e78, 0x0000000085200000| 41%| O|  |TAMS 0x0000000085169e78, 0x0000000085100000| Untracked 
|  32|0x0000000085200000, 0x0000000085300000, 0x0000000085300000|100%| O|  |TAMS 0x0000000085300000, 0x0000000085200000| Untracked 
|  33|0x0000000085300000, 0x0000000085333600, 0x0000000085400000| 20%| O|  |TAMS 0x0000000085333600, 0x0000000085300000| Untracked 
|  34|0x0000000085400000, 0x0000000085400000, 0x0000000085500000|  0%| F|  |TAMS 0x0000000085400000, 0x0000000085400000| Untracked 
|  35|0x0000000085500000, 0x0000000085500000, 0x0000000085600000|  0%| F|  |TAMS 0x0000000085500000, 0x0000000085500000| Untracked 
|  36|0x0000000085600000, 0x0000000085600000, 0x0000000085700000|  0%| F|  |TAMS 0x0000000085600000, 0x0000000085600000| Untracked 
|  37|0x0000000085700000, 0x0000000085700000, 0x0000000085800000|  0%| F|  |TAMS 0x0000000085700000, 0x0000000085700000| Untracked 
|  38|0x0000000085800000, 0x0000000085800000, 0x0000000085900000|  0%| F|  |TAMS 0x0000000085800000, 0x0000000085800000| Untracked 
|  39|0x0000000085900000, 0x0000000085900000, 0x0000000085a00000|  0%| F|  |TAMS 0x0000000085900000, 0x0000000085900000| Untracked 
|  40|0x0000000085a00000, 0x0000000085a00000, 0x0000000085b00000|  0%| F|  |TAMS 0x0000000085a00000, 0x0000000085a00000| Untracked 
|  41|0x0000000085b00000, 0x0000000085b00000, 0x0000000085c00000|  0%| F|  |TAMS 0x0000000085b00000, 0x0000000085b00000| Untracked 
|  42|0x0000000085c00000, 0x0000000085c00000, 0x0000000085d00000|  0%| F|  |TAMS 0x0000000085c00000, 0x0000000085c00000| Untracked 
|  43|0x0000000085d00000, 0x0000000085d00000, 0x0000000085e00000|  0%| F|  |TAMS 0x0000000085d00000, 0x0000000085d00000| Untracked 
|  44|0x0000000085e00000, 0x0000000085e763b0, 0x0000000085f00000| 46%| S|CS|TAMS 0x0000000085e00000, 0x0000000085e00000| Complete 
|  45|0x0000000085f00000, 0x0000000085f00000, 0x0000000086000000|  0%| F|  |TAMS 0x0000000085f00000, 0x0000000085f00000| Untracked 
|  46|0x0000000086000000, 0x0000000086000000, 0x0000000086100000|  0%| F|  |TAMS 0x0000000086000000, 0x0000000086000000| Untracked 
|  47|0x0000000086100000, 0x0000000086100000, 0x0000000086200000|  0%| F|  |TAMS 0x0000000086100000, 0x0000000086100000| Untracked 
|  48|0x0000000086200000, 0x0000000086200000, 0x0000000086300000|  0%| F|  |TAMS 0x0000000086200000, 0x0000000086200000| Untracked 
|  49|0x0000000086300000, 0x0000000086300000, 0x0000000086400000|  0%| F|  |TAMS 0x0000000086300000, 0x0000000086300000| Untracked 
|  50|0x0000000086400000, 0x0000000086400000, 0x0000000086500000|  0%| F|  |TAMS 0x0000000086400000, 0x0000000086400000| Untracked 
|  51|0x0000000086500000, 0x0000000086500000, 0x0000000086600000|  0%| F|  |TAMS 0x0000000086500000, 0x0000000086500000| Untracked 
|  52|0x0000000086600000, 0x0000000086600000, 0x0000000086700000|  0%| F|  |TAMS 0x0000000086600000, 0x0000000086600000| Untracked 
|  53|0x0000000086700000, 0x0000000086700000, 0x0000000086800000|  0%| F|  |TAMS 0x0000000086700000, 0x0000000086700000| Untracked 
|  54|0x0000000086800000, 0x0000000086800000, 0x0000000086900000|  0%| F|  |TAMS 0x0000000086800000, 0x0000000086800000| Untracked 
|  55|0x0000000086900000, 0x0000000086900000, 0x0000000086a00000|  0%| F|  |TAMS 0x0000000086900000, 0x0000000086900000| Untracked 
|  56|0x0000000086a00000, 0x0000000086a00000, 0x0000000086b00000|  0%| F|  |TAMS 0x0000000086a00000, 0x0000000086a00000| Untracked 
|  57|0x0000000086b00000, 0x0000000086b00000, 0x0000000086c00000|  0%| F|  |TAMS 0x0000000086b00000, 0x0000000086b00000| Untracked 
|  58|0x0000000086c00000, 0x0000000086c00000, 0x0000000086d00000|  0%| F|  |TAMS 0x0000000086c00000, 0x0000000086c00000| Untracked 
|  59|0x0000000086d00000, 0x0000000086d00000, 0x0000000086e00000|  0%| F|  |TAMS 0x0000000086d00000, 0x0000000086d00000| Untracked 
|  60|0x0000000086e00000, 0x0000000086e00000, 0x0000000086f00000|  0%| F|  |TAMS 0x0000000086e00000, 0x0000000086e00000| Untracked 
|  61|0x0000000086f00000, 0x0000000086f00000, 0x0000000087000000|  0%| F|  |TAMS 0x0000000086f00000, 0x0000000086f00000| Untracked 
|  63|0x0000000087100000, 0x00000000871c5770, 0x0000000087200000| 77%| E|  |TAMS 0x0000000087100000, 0x0000000087100000| Complete 
|  64|0x0000000087200000, 0x0000000087300000, 0x0000000087300000|100%| E|CS|TAMS 0x0000000087200000, 0x0000000087200000| Complete 
|  65|0x0000000087300000, 0x0000000087400000, 0x0000000087400000|100%| E|CS|TAMS 0x0000000087300000, 0x0000000087300000| Complete 
|  66|0x0000000087400000, 0x0000000087500000, 0x0000000087500000|100%| E|CS|TAMS 0x0000000087400000, 0x0000000087400000| Complete 
|  67|0x0000000087500000, 0x0000000087600000, 0x0000000087600000|100%| E|CS|TAMS 0x0000000087500000, 0x0000000087500000| Complete 
|  68|0x0000000087600000, 0x0000000087700000, 0x0000000087700000|100%| E|CS|TAMS 0x0000000087600000, 0x0000000087600000| Complete 
| 125|0x000000008af00000, 0x000000008b000000, 0x000000008b000000|100%| E|CS|TAMS 0x000000008af00000, 0x000000008af00000| Complete 

Card table byte_map: [0x000002cbf6a80000,0x000002cbf6e70000] _byte_map_base: 0x000002cbf6667000

Marking Bits (Prev, Next): (CMBitMap*) 0x000002cbee1793b0, (CMBitMap*) 0x000002cbee1793f0
 Prev Bits: [0x000002cbf7260000, 0x000002cbf9198000)
 Next Bits: [0x000002cbf91a0000, 0x000002cbfb0d8000)

Polling page: 0x000002cbec0b0000

Metaspace:

Usage:
  Non-class:     50.51 MB capacity,    50.07 MB (>99%) used,   367.55 KB ( <1%) free+waste,    81.06 KB ( <1%) overhead. 
      Class:      7.58 MB capacity,     7.36 MB ( 97%) used,   189.72 KB (  2%) free+waste,    31.44 KB ( <1%) overhead. 
       Both:     58.09 MB capacity,    57.44 MB ( 99%) used,   557.27 KB ( <1%) free+waste,   112.50 KB ( <1%) overhead. 

Virtual space:
  Non-class space:       52.00 MB reserved,      50.67 MB ( 97%) committed 
      Class space:        1.00 GB reserved,       7.62 MB ( <1%) committed 
             Both:        1.05 GB reserved,      58.30 MB (  5%) committed 

Chunk freelists:
   Non-Class:  36.00 KB
       Class:  14.00 KB
        Both:  50.00 KB

MaxMetaspaceSize: 17179869184.00 GB
CompressedClassSpaceSize: 1.00 GB

CodeHeap 'non-profiled nmethods': size=120000Kb used=4868Kb max_used=4868Kb free=115131Kb
 bounds [0x000002cb87ad0000, 0x000002cb87fa0000, 0x000002cb8f000000]
CodeHeap 'profiled nmethods': size=120000Kb used=13463Kb max_used=13463Kb free=106536Kb
 bounds [0x000002cb805a0000, 0x000002cb812d0000, 0x000002cb87ad0000]
CodeHeap 'non-nmethods': size=5760Kb used=1309Kb max_used=1386Kb free=4450Kb
 bounds [0x000002cb80000000, 0x000002cb80270000, 0x000002cb805a0000]
 total_blobs=7365 nmethods=6767 adapters=509
 compilation: enabled
              stopped_count=0, restarted_count=0
 full_count=0

Compilation events (20 events):
Event: 1919.148 Thread 0x000002cbfdb3b0e0 nmethod 7540 0x000002cb812af090 code [0x000002cb812af220, 0x000002cb812af318]
Event: 1919.148 Thread 0x000002cbfdb3b0e0 7539       2       org.hibernate.annotations.common.reflection.java.JavaXClass::getSuperclass (33 bytes)
Event: 1919.149 Thread 0x000002cbfdb3b0e0 nmethod 7539 0x000002cb812af390 code [0x000002cb812af5a0, 0x000002cb812afc18]
Event: 1919.149 Thread 0x000002cbfdb3b0e0 7541       2       org.hibernate.boot.registry.classloading.internal.AggregatedClassLoader$2::hasNext (44 bytes)
Event: 1919.149 Thread 0x000002cbfdb3b0e0 nmethod 7541 0x000002cb812afe90 code [0x000002cb812b0020, 0x000002cb812b0198]
Event: 1919.151 Thread 0x000002cbfdb3b0e0 7542       2       net.bytebuddy.description.method.MethodDescription$AbstractBase::isVisibleTo (129 bytes)
Event: 1919.153 Thread 0x000002cbfdb3b0e0 nmethod 7542 0x000002cb812b0290 code [0x000002cb812b0560, 0x000002cb812b0be8]
Event: 1919.153 Thread 0x000002cbfdb3b0e0 7543       1       java.util.AbstractMap$SimpleImmutableEntry::getValue (5 bytes)
Event: 1919.153 Thread 0x000002cbfdb3b0e0 nmethod 7543 0x000002cb87f8b590 code [0x000002cb87f8b720, 0x000002cb87f8b7d8]
Event: 1919.154 Thread 0x000002cbfdb3b0e0 7544       2       net.bytebuddy.dynamic.scaffold.MethodGraph$Compiler$Default$Key$Store$Entry$Resolved::asNode (36 bytes)
Event: 1919.154 Thread 0x000002cbfdb3b0e0 nmethod 7544 0x000002cb812b0f90 code [0x000002cb812b11a0, 0x000002cb812b16d8]
Event: 1919.154 Thread 0x000002cbfdb3b0e0 7545       2       net.bytebuddy.dynamic.scaffold.MethodGraph$Compiler$Default$Key$Store$Entry$Resolved$Node::<init> (26 bytes)
Event: 1919.155 Thread 0x000002cbfdb3b0e0 nmethod 7545 0x000002cb812b1910 code [0x000002cb812b1aa0, 0x000002cb812b1cb8]
Event: 1919.156 Thread 0x000002cbfdb3b0e0 7546       2       net.bytebuddy.implementation.bind.annotation.TargetMethodAnnotationDrivenBinder$DelegationProcessor$Handler$Bound::bind (25 bytes)
Event: 1919.156 Thread 0x000002cbfdb3b0e0 nmethod 7546 0x000002cb812b1d90 code [0x000002cb812b1f20, 0x000002cb812b2068]
Event: 1919.156 Thread 0x000002cbfdb3b0e0 7547       2       net.bytebuddy.implementation.bind.MethodDelegationBinder$ParameterBinding$Anonymous::<init> (21 bytes)
Event: 1919.156 Thread 0x000002cbfdb3b0e0 nmethod 7547 0x000002cb812b2110 code [0x000002cb812b22a0, 0x000002cb812b24b8]
Event: 1919.157 Thread 0x000002cbfdb3b0e0 7548       2       net.bytebuddy.implementation.bind.MethodDelegationBinder$MethodBinding$Builder::append (47 bytes)
Event: 1919.157 Thread 0x000002cbfdb3b0e0 nmethod 7548 0x000002cb812b2590 code [0x000002cb812b2760, 0x000002cb812b29e8]
Event: 1919.157 Thread 0x000002cbfdb3b0e0 7549       2       net.bytebuddy.implementation.bind.MethodDelegationBinder$ParameterBinding$Anonymous::apply (12 bytes)

GC Heap History (20 events):
Event: 259.128 GC heap before
{Heap before GC invocations=24 (full 1):
 garbage-first heap   total 70656K, used 52806K [0x0000000083200000, 0x0000000100000000)
  region size 1024K, 27 young (27648K), 3 survivors (3072K)
 Metaspace       used 53610K, capacity 54213K, committed 54320K, reserved 1095680K
  class space    used 6993K, capacity 7209K, committed 7296K, reserved 1048576K
}
Event: 259.132 GC heap after
{Heap after GC invocations=25 (full 1):
 garbage-first heap   total 70656K, used 29771K [0x0000000083200000, 0x0000000100000000)
  region size 1024K, 1 young (1024K), 1 survivors (1024K)
 Metaspace       used 53610K, capacity 54213K, committed 54320K, reserved 1095680K
  class space    used 6993K, capacity 7209K, committed 7296K, reserved 1048576K
}
Event: 259.282 GC heap before
{Heap before GC invocations=25 (full 1):
 garbage-first heap   total 70656K, used 53323K [0x0000000083200000, 0x0000000100000000)
  region size 1024K, 25 young (25600K), 1 survivors (1024K)
 Metaspace       used 53666K, capacity 54213K, committed 54320K, reserved 1095680K
  class space    used 6994K, capacity 7209K, committed 7296K, reserved 1048576K
}
Event: 259.284 GC heap after
{Heap after GC invocations=26 (full 1):
 garbage-first heap   total 70656K, used 29695K [0x0000000083200000, 0x0000000100000000)
  region size 1024K, 1 young (1024K), 1 survivors (1024K)
 Metaspace       used 53666K, capacity 54213K, committed 54320K, reserved 1095680K
  class space    used 6994K, capacity 7209K, committed 7296K, reserved 1048576K
}
Event: 260.142 GC heap before
{Heap before GC invocations=26 (full 1):
 garbage-first heap   total 70656K, used 55295K [0x0000000083200000, 0x0000000100000000)
  region size 1024K, 26 young (26624K), 1 survivors (1024K)
 Metaspace       used 54139K, capacity 54697K, committed 54832K, reserved 1097728K
  class space    used 7013K, capacity 7218K, committed 7296K, reserved 1048576K
}
Event: 260.146 GC heap after
{Heap after GC invocations=27 (full 1):
 garbage-first heap   total 70656K, used 31491K [0x0000000083200000, 0x0000000100000000)
  region size 1024K, 3 young (3072K), 3 survivors (3072K)
 Metaspace       used 54139K, capacity 54697K, committed 54832K, reserved 1097728K
  class space    used 7013K, capacity 7218K, committed 7296K, reserved 1048576K
}
Event: 268.791 GC heap before
{Heap before GC invocations=27 (full 1):
 garbage-first heap   total 70656K, used 54019K [0x0000000083200000, 0x0000000100000000)
  region size 1024K, 26 young (26624K), 3 survivors (3072K)
 Metaspace       used 56170K, capacity 56727K, committed 56880K, reserved 1099776K
  class space    used 7244K, capacity 7446K, committed 7552K, reserved 1048576K
}
Event: 268.798 GC heap after
{Heap after GC invocations=28 (full 1):
 garbage-first heap   total 70656K, used 33354K [0x0000000083200000, 0x0000000100000000)
  region size 1024K, 4 young (4096K), 4 survivors (4096K)
 Metaspace       used 56170K, capacity 56727K, committed 56880K, reserved 1099776K
  class space    used 7244K, capacity 7446K, committed 7552K, reserved 1048576K
}
Event: 681.379 GC heap before
{Heap before GC invocations=28 (full 1):
 garbage-first heap   total 70656K, used 55882K [0x0000000083200000, 0x0000000100000000)
  region size 1024K, 26 young (26624K), 4 survivors (4096K)
 Metaspace       used 58433K, capacity 59012K, committed 59184K, reserved 1101824K
  class space    used 7519K, capacity 7714K, committed 7808K, reserved 1048576K
}
Event: 681.405 GC heap after
{Heap after GC invocations=29 (full 1):
 garbage-first heap   total 70656K, used 34243K [0x0000000083200000, 0x0000000100000000)
  region size 1024K, 1 young (1024K), 1 survivors (1024K)
 Metaspace       used 58433K, capacity 59012K, committed 59184K, reserved 1101824K
  class space    used 7519K, capacity 7714K, committed 7808K, reserved 1048576K
}
Event: 1344.998 GC heap before
{Heap before GC invocations=29 (full 1):
 garbage-first heap   total 70656K, used 56771K [0x0000000083200000, 0x0000000100000000)
  region size 1024K, 23 young (23552K), 1 survivors (1024K)
 Metaspace       used 58435K, capacity 59012K, committed 59184K, reserved 1101824K
  class space    used 7519K, capacity 7714K, committed 7808K, reserved 1048576K
}
Event: 1345.002 GC heap after
{Heap after GC invocations=30 (full 1):
 garbage-first heap   total 70656K, used 34088K [0x0000000083200000, 0x0000000100000000)
  region size 1024K, 1 young (1024K), 1 survivors (1024K)
 Metaspace       used 58435K, capacity 59012K, committed 59184K, reserved 1101824K
  class space    used 7519K, capacity 7714K, committed 7808K, reserved 1048576K
}
Event: 1917.908 GC heap before
{Heap before GC invocations=31 (full 1):
 garbage-first heap   total 70656K, used 54568K [0x0000000083200000, 0x0000000100000000)
  region size 1024K, 22 young (22528K), 1 survivors (1024K)
 Metaspace       used 58441K, capacity 59012K, committed 59184K, reserved 1101824K
  class space    used 7519K, capacity 7714K, committed 7808K, reserved 1048576K
}
Event: 1917.974 GC heap after
{Heap after GC invocations=32 (full 2):
 garbage-first heap   total 70656K, used 28865K [0x0000000083200000, 0x0000000100000000)
  region size 1024K, 0 young (0K), 0 survivors (0K)
 Metaspace       used 58441K, capacity 59012K, committed 59184K, reserved 1101824K
  class space    used 7519K, capacity 7714K, committed 7808K, reserved 1048576K
}
Event: 1918.587 GC heap before
{Heap before GC invocations=32 (full 2):
 garbage-first heap   total 70656K, used 55489K [0x0000000083200000, 0x0000000100000000)
  region size 1024K, 27 young (27648K), 0 survivors (0K)
 Metaspace       used 58616K, capacity 59284K, committed 59440K, reserved 1101824K
  class space    used 7532K, capacity 7760K, committed 7808K, reserved 1048576K
}
Event: 1918.597 GC heap after
{Heap after GC invocations=33 (full 2):
 garbage-first heap   total 70656K, used 31206K [0x0000000083200000, 0x0000000100000000)
  region size 1024K, 3 young (3072K), 3 survivors (3072K)
 Metaspace       used 58616K, capacity 59284K, committed 59440K, reserved 1101824K
  class space    used 7532K, capacity 7760K, committed 7808K, reserved 1048576K
}
Event: 1918.692 GC heap before
{Heap before GC invocations=33 (full 2):
 garbage-first heap   total 70656K, used 53734K [0x0000000083200000, 0x0000000100000000)
  region size 1024K, 26 young (26624K), 3 survivors (3072K)
 Metaspace       used 58625K, capacity 59284K, committed 59440K, reserved 1101824K
  class space    used 7532K, capacity 7760K, committed 7808K, reserved 1048576K
}
Event: 1918.696 GC heap after
{Heap after GC invocations=34 (full 2):
 garbage-first heap   total 70656K, used 31620K [0x0000000083200000, 0x0000000100000000)
  region size 1024K, 1 young (1024K), 1 survivors (1024K)
 Metaspace       used 58625K, capacity 59284K, committed 59440K, reserved 1101824K
  class space    used 7532K, capacity 7760K, committed 7808K, reserved 1048576K
}
Event: 1918.811 GC heap before
{Heap before GC invocations=34 (full 2):
 garbage-first heap   total 70656K, used 54148K [0x0000000083200000, 0x0000000100000000)
  region size 1024K, 24 young (24576K), 1 survivors (1024K)
 Metaspace       used 58656K, capacity 59348K, committed 59440K, reserved 1101824K
  class space    used 7532K, capacity 7760K, committed 7808K, reserved 1048576K
}
Event: 1918.812 GC heap after
{Heap after GC invocations=35 (full 2):
 garbage-first heap   total 70656K, used 31591K [0x0000000083200000, 0x0000000100000000)
  region size 1024K, 1 young (1024K), 1 survivors (1024K)
 Metaspace       used 58656K, capacity 59348K, committed 59440K, reserved 1101824K
  class space    used 7532K, capacity 7760K, committed 7808K, reserved 1048576K
}

Deoptimization events (20 events):
Event: 1918.272 Thread 0x000002cbfe569eb0 DEOPT PACKING pc=0x000002cb87f5b7e0 sp=0x000000fe9e9fd4c0
Event: 1918.272 Thread 0x000002cbfe569eb0 DEOPT UNPACKING pc=0x000002cb8004e42f sp=0x000000fe9e9fd458 mode 2
Event: 1918.441 Thread 0x000002cbfe569eb0 Uncommon trap: trap_request=0xffffff45 fr.pc=0x000002cb87d24a58 relative=0x0000000000005218
Event: 1918.441 Thread 0x000002cbfe569eb0 Uncommon trap: reason=unstable_if action=reinterpret pc=0x000002cb87d24a58 method=org.springframework.core.annotation.TypeMappedAnnotations$MergedAnnotationFinder.process(Ljava/lang/Object;ILjava/lang/Object;Ljava/lang/annotation/Annotation;)Lorg/springfr
Event: 1918.441 Thread 0x000002cbfe569eb0 DEOPT PACKING pc=0x000002cb87d24a58 sp=0x000000fe9e9fd8b0
Event: 1918.441 Thread 0x000002cbfe569eb0 DEOPT UNPACKING pc=0x000002cb8004e42f sp=0x000000fe9e9fd868 mode 2
Event: 1918.713 Thread 0x000002cbfe569eb0 DEOPT PACKING pc=0x000002cb80d56271 sp=0x000000fe9e9fde20
Event: 1918.713 Thread 0x000002cbfe569eb0 DEOPT UNPACKING pc=0x000002cb8004e23f sp=0x000000fe9e9fd298 mode 0
Event: 1918.714 Thread 0x000002cbfe569eb0 DEOPT PACKING pc=0x000002cb80d56271 sp=0x000000fe9e9fde20
Event: 1918.714 Thread 0x000002cbfe569eb0 DEOPT UNPACKING pc=0x000002cb8004e23f sp=0x000000fe9e9fd298 mode 0
Event: 1918.735 Thread 0x000002cbfe569eb0 DEOPT PACKING pc=0x000002cb8064ce9c sp=0x000000fe9e9fcce0
Event: 1918.735 Thread 0x000002cbfe569eb0 DEOPT UNPACKING pc=0x000002cb8004e23f sp=0x000000fe9e9fc1d8 mode 0
Event: 1918.741 Thread 0x000002cbfe569eb0 DEOPT PACKING pc=0x000002cb81285862 sp=0x000000fe9e9fcf90
Event: 1918.741 Thread 0x000002cbfe569eb0 DEOPT UNPACKING pc=0x000002cb8004e23f sp=0x000000fe9e9fc488 mode 0
Event: 1918.768 Thread 0x000002cbfe569eb0 DEOPT PACKING pc=0x000002cb81285862 sp=0x000000fe9e9fcf90
Event: 1918.768 Thread 0x000002cbfe569eb0 DEOPT UNPACKING pc=0x000002cb8004e23f sp=0x000000fe9e9fc488 mode 0
Event: 1918.793 Thread 0x000002cbfe569eb0 DEOPT PACKING pc=0x000002cb80c56380 sp=0x000000fe9e9fce90
Event: 1918.793 Thread 0x000002cbfe569eb0 DEOPT UNPACKING pc=0x000002cb8004e23f sp=0x000000fe9e9fc3f0 mode 0
Event: 1918.810 Thread 0x000002cbfe569eb0 DEOPT PACKING pc=0x000002cb812587d6 sp=0x000000fe9e9fb970
Event: 1918.810 Thread 0x000002cbfe569eb0 DEOPT UNPACKING pc=0x000002cb8004e23f sp=0x000000fe9e9fadd0 mode 0

Classes unloaded (1 events):
Event: 1345.078 Thread 0x000002cbfdb10220 Unloading class 0x000000080120a040 'org/apache/catalina/loader/JdbcLeakPrevention'

Classes redefined (0 events):
No events

Internal exceptions (20 events):
Event: 259.891 Thread 0x000002cb8fe74220 Exception <a 'java/lang/ClassNotFoundException'{0x00000000868b06d0}: com/world/beauty/entity/PedidosCustomizer> (0x00000000868b06d0) 
thrown [./open/src/hotspot/share/classfile/systemDictionary.cpp, line 295]
Event: 259.897 Thread 0x000002cb8fe74220 Exception <a 'java/lang/ClassNotFoundException'{0x00000000868d6768}: java/lang/ObjectCustomizer> (0x00000000868d6768) 
thrown [./open/src/hotspot/share/classfile/systemDictionary.cpp, line 295]
Event: 259.898 Thread 0x000002cb8fe74220 Exception <a 'java/lang/ClassNotFoundException'{0x00000000868df158}: com/world/beauty/entity/ServicoCustomizer> (0x00000000868df158) 
thrown [./open/src/hotspot/share/classfile/systemDictionary.cpp, line 295]
Event: 260.015 Thread 0x000002cb8fe74220 Exception <a 'java/lang/ClassNotFoundException'{0x0000000086128cb8}: java/lang/ObjectCustomizer> (0x0000000086128cb8) 
thrown [./open/src/hotspot/share/classfile/systemDictionary.cpp, line 295]
Event: 260.016 Thread 0x000002cb8fe74220 Exception <a 'java/lang/ClassNotFoundException'{0x0000000086130c80}: com/world/beauty/resource/ServicoControllerCustomizer> (0x0000000086130c80) 
thrown [./open/src/hotspot/share/classfile/systemDictionary.cpp, line 295]
Event: 260.033 Thread 0x000002cb8fe74220 Exception <a 'java/lang/ClassNotFoundException'{0x000000008613b870}: java/lang/ObjectCustomizer> (0x000000008613b870) 
thrown [./open/src/hotspot/share/classfile/systemDictionary.cpp, line 295]
Event: 260.034 Thread 0x000002cb8fe74220 Exception <a 'java/lang/ClassNotFoundException'{0x0000000086143bf8}: com/world/beauty/service/providers/ClienteServiceProviderCustomizer> (0x0000000086143bf8) 
thrown [./open/src/hotspot/share/classfile/systemDictionary.cpp, line 295]
Event: 260.035 Thread 0x000002cb8fe74220 Exception <a 'java/lang/ClassNotFoundException'{0x000000008614c550}: com/world/beauty/services/ClienteServiceCustomizer> (0x000000008614c550) 
thrown [./open/src/hotspot/share/classfile/systemDictionary.cpp, line 295]
Event: 260.037 Thread 0x000002cb8fe74220 Exception <a 'java/lang/ClassNotFoundException'{0x000000008615a690}: java/lang/ObjectCustomizer> (0x000000008615a690) 
thrown [./open/src/hotspot/share/classfile/systemDictionary.cpp, line 295]
Event: 260.038 Thread 0x000002cb8fe74220 Exception <a 'java/lang/ClassNotFoundException'{0x00000000861628f8}: com/world/beauty/BeautyApplication$DemoCommandLineRunnerCustomizer> (0x00000000861628f8) 
thrown [./open/src/hotspot/share/classfile/systemDictionary.cpp, line 295]
Event: 260.039 Thread 0x000002cb8fe74220 Exception <a 'java/lang/ClassNotFoundException'{0x00000000861690c8}: org/springframework/boot/CommandLineRunnerCustomizer> (0x00000000861690c8) 
thrown [./open/src/hotspot/share/classfile/systemDictionary.cpp, line 295]
Event: 268.846 Thread 0x000002cb8fe71200 Exception <a 'java/lang/ClassNotFoundException'{0x0000000087623928}: java/lang/ObjectCustomizer> (0x0000000087623928) 
thrown [./open/src/hotspot/share/classfile/systemDictionary.cpp, line 295]
Event: 268.848 Thread 0x000002cb8fe71200 Exception <a 'java/lang/ClassNotFoundException'{0x000000008762f1e8}: com/world/beauty/entity/ClienteCustomizer> (0x000000008762f1e8) 
thrown [./open/src/hotspot/share/classfile/systemDictionary.cpp, line 295]
Event: 281.117 Thread 0x000002cb8fe6f9f0 Exception <a 'java/lang/NoSuchMethodError'{0x000000008724a610}: 'java.lang.Object java.lang.invoke.DirectMethodHandle$Holder.invokeStaticInit(java.lang.Object, java.lang.Object, java.lang.Object, java.lang.Object, java.lang.Object, java.lang.Object)'> (0x000000008724a610) 
thrown [./open/src/hotspot/share/interpreter/linkResolver.cpp, line 782]
Event: 281.126 Thread 0x000002cb8fe6f9f0 Exception <a 'java/lang/ClassNotFoundException'{0x000000008726c500}: java/lang/ObjectCustomizer> (0x000000008726c500) 
thrown [./open/src/hotspot/share/classfile/systemDictionary.cpp, line 295]
Event: 281.129 Thread 0x000002cb8fe6f9f0 Exception <a 'java/lang/ClassNotFoundException'{0x0000000087278008}: com/world/beauty/entity/PedidosCustomizer> (0x0000000087278008) 
thrown [./open/src/hotspot/share/classfile/systemDictionary.cpp, line 295]
Event: 1917.883 Thread 0x000002cb8fe746f0 Exception <a 'java/lang/InterruptedException'{0x00000000863df6d8}: sleep interrupted> (0x00000000863df6d8) 
thrown [./open/src/hotspot/share/prims/jvm.cpp, line 3278]
Event: 1917.994 Thread 0x000002cbfe569eb0 Exception <a 'java/io/FileNotFoundException'{0x000000008af9b348}> (0x000000008af9b348) 
thrown [./open/src/hotspot/share/prims/jni.cpp, line 578]
Event: 1918.741 Thread 0x000002cbfe569eb0 Exception <a 'java/io/FileNotFoundException'{0x00000000863c2f50}> (0x00000000863c2f50) 
thrown [./open/src/hotspot/share/prims/jni.cpp, line 578]
Event: 1918.790 Thread 0x000002cbfe569eb0 Exception <a 'java/io/FileNotFoundException'{0x0000000086182de0}> (0x0000000086182de0) 
thrown [./open/src/hotspot/share/prims/jni.cpp, line 578]

Events (20 events):
Event: 1918.441 Executing VM operation: HandshakeAllThreads
Event: 1918.441 Executing VM operation: HandshakeAllThreads done
Event: 1918.586 Executing VM operation: G1CollectForAllocation
Event: 1918.609 Executing VM operation: G1CollectForAllocation done
Event: 1918.692 Executing VM operation: G1CollectForAllocation
Event: 1918.696 Executing VM operation: G1CollectForAllocation done
Event: 1918.753 Loaded shared library C:\Program Files\Java\jdk-15.0.2\bin\nio.dll
Event: 1918.791 Thread 0x000002cbfe5681d0 Thread added: 0x000002cbfe5681d0
Event: 1918.792 Thread 0x000002cbfe56ad20 Thread added: 0x000002cbfe56ad20
Event: 1918.792 Thread 0x000002cbfe56a380 Thread added: 0x000002cbfe56a380
Event: 1918.810 Executing VM operation: G1CollectForAllocation
Event: 1918.812 Executing VM operation: G1CollectForAllocation done
Event: 1918.812 Executing VM operation: HandshakeAllThreads
Event: 1918.813 Executing VM operation: HandshakeAllThreads done
Event: 1918.910 Executing VM operation: G1Concurrent
Event: 1918.914 Executing VM operation: G1Concurrent done
Event: 1918.963 Executing VM operation: G1Concurrent
Event: 1918.964 Executing VM operation: G1Concurrent done
Event: 1919.071 Thread 0x000002cbfe568b70 Thread added: 0x000002cbfe568b70
Event: 1919.072 Thread 0x000002cbfe569040 Thread added: 0x000002cbfe569040


Dynamic libraries:
0x00007ff68bc40000 - 0x00007ff68bc4f000 	C:\Program Files\Java\jdk-15.0.2\bin\javaw.exe
0x00007ffe8f090000 - 0x00007ffe8f285000 	C:\WINDOWS\SYSTEM32\ntdll.dll
0x00007ffe51320000 - 0x00007ffe51333000 	C:\Program Files\AVAST Software\Avast\aswhook.dll
0x00007ffe8e0e0000 - 0x00007ffe8e19d000 	C:\WINDOWS\System32\KERNEL32.DLL
0x00007ffe8c7d0000 - 0x00007ffe8ca98000 	C:\WINDOWS\System32\KERNELBASE.dll
0x00007ffe8cc00000 - 0x00007ffe8cd00000 	C:\WINDOWS\System32\ucrtbase.dll
0x00007ffe808e0000 - 0x00007ffe808f8000 	C:\Program Files\Java\jdk-15.0.2\bin\jli.dll
0x00007ffe61050000 - 0x00007ffe61069000 	C:\Program Files\Java\jdk-15.0.2\bin\VCRUNTIME140.dll
0x00007ffe8dbd0000 - 0x00007ffe8dc7c000 	C:\WINDOWS\System32\ADVAPI32.dll
0x00007ffe8dcf0000 - 0x00007ffe8dd8e000 	C:\WINDOWS\System32\msvcrt.dll
0x00007ffe8d0f0000 - 0x00007ffe8d18b000 	C:\WINDOWS\System32\sechost.dll
0x00007ffe8d190000 - 0x00007ffe8d2bb000 	C:\WINDOWS\System32\RPCRT4.dll
0x00007ffe8d2c0000 - 0x00007ffe8d460000 	C:\WINDOWS\System32\USER32.dll
0x00007ffe8ce10000 - 0x00007ffe8ce32000 	C:\WINDOWS\System32\win32u.dll
0x00007ffe74b30000 - 0x00007ffe74dca000 	C:\WINDOWS\WinSxS\amd64_microsoft.windows.common-controls_6595b64144ccf1df_6.0.19041.844_none_ca00b6081b84eb1d\COMCTL32.dll
0x00007ffe8dba0000 - 0x00007ffe8dbca000 	C:\WINDOWS\System32\GDI32.dll
0x00007ffe8cd00000 - 0x00007ffe8ce0b000 	C:\WINDOWS\System32\gdi32full.dll
0x00007ffe8cec0000 - 0x00007ffe8cf5d000 	C:\WINDOWS\System32\msvcp_win.dll
0x00007ffe84260000 - 0x00007ffe8426a000 	C:\WINDOWS\SYSTEM32\VERSION.dll
0x00007ffe8e280000 - 0x00007ffe8e2b0000 	C:\WINDOWS\System32\IMM32.DLL
0x00007ffe870d0000 - 0x00007ffe870dc000 	C:\Program Files\Java\jdk-15.0.2\bin\vcruntime140_1.dll
0x00007ffe57250000 - 0x00007ffe572e1000 	C:\Program Files\Java\jdk-15.0.2\bin\msvcp140.dll
0x00007ffe027d0000 - 0x00007ffe0332e000 	C:\Program Files\Java\jdk-15.0.2\bin\server\jvm.dll
0x00007ffe8ebf0000 - 0x00007ffe8ebf8000 	C:\WINDOWS\System32\PSAPI.DLL
0x00007ffe80080000 - 0x00007ffe800a7000 	C:\WINDOWS\SYSTEM32\WINMM.dll
0x00007ffe73ce0000 - 0x00007ffe73ce9000 	C:\WINDOWS\SYSTEM32\WSOCK32.dll
0x00007ffe8dc80000 - 0x00007ffe8dceb000 	C:\WINDOWS\System32\WS2_32.dll
0x00007ffe8b060000 - 0x00007ffe8b072000 	C:\WINDOWS\SYSTEM32\kernel.appcore.dll
0x00007ffe870b0000 - 0x00007ffe870ba000 	C:\Program Files\Java\jdk-15.0.2\bin\jimage.dll
0x00007ffe8ad80000 - 0x00007ffe8af64000 	C:\WINDOWS\SYSTEM32\DBGHELP.DLL
0x00007ffe80900000 - 0x00007ffe8092c000 	C:\WINDOWS\SYSTEM32\dbgcore.DLL
0x00007ffe8ce40000 - 0x00007ffe8cec0000 	C:\WINDOWS\System32\bcryptPrimitives.dll
0x00007ffe61020000 - 0x00007ffe61045000 	C:\Program Files\Java\jdk-15.0.2\bin\java.dll
0x00007ffe8e4a0000 - 0x00007ffe8ebe2000 	C:\WINDOWS\System32\SHELL32.dll
0x00007ffe8a520000 - 0x00007ffe8acb1000 	C:\WINDOWS\SYSTEM32\windows.storage.dll
0x00007ffe8ec00000 - 0x00007ffe8ef55000 	C:\WINDOWS\System32\combase.dll
0x00007ffe8c170000 - 0x00007ffe8c19c000 	C:\WINDOWS\SYSTEM32\Wldp.dll
0x00007ffe8e030000 - 0x00007ffe8e0de000 	C:\WINDOWS\System32\SHCORE.dll
0x00007ffe8e220000 - 0x00007ffe8e275000 	C:\WINDOWS\System32\shlwapi.dll
0x00007ffe8c710000 - 0x00007ffe8c72f000 	C:\WINDOWS\SYSTEM32\profapi.dll
0x00007ffe5d090000 - 0x00007ffe5d0a9000 	C:\Program Files\Java\jdk-15.0.2\bin\net.dll
0x00007ffe7f1f0000 - 0x00007ffe7f2fb000 	C:\WINDOWS\SYSTEM32\WINHTTP.dll
0x00007ffe8bf50000 - 0x00007ffe8bfba000 	C:\WINDOWS\system32\mswsock.dll
0x00007ffe585c0000 - 0x00007ffe585d2000 	C:\Program Files\Java\jdk-15.0.2\bin\nio.dll
0x00007ffe585a0000 - 0x00007ffe585b8000 	C:\Program Files\Java\jdk-15.0.2\bin\zip.dll
0x00007ffe87070000 - 0x00007ffe87080000 	C:\Program Files\Java\jdk-15.0.2\bin\verify.dll
0x00007ffe84e10000 - 0x00007ffe84e19000 	C:\Program Files\Java\jdk-15.0.2\bin\management.dll
0x00007ffe82500000 - 0x00007ffe8250b000 	C:\Program Files\Java\jdk-15.0.2\bin\management_ext.dll
0x00007ffe6e580000 - 0x00007ffe6e597000 	C:\WINDOWS\system32\napinsp.dll
0x00007ffe6e130000 - 0x00007ffe6e14b000 	C:\WINDOWS\system32\pnrpnsp.dll
0x00007ffe86270000 - 0x00007ffe86285000 	C:\WINDOWS\system32\wshbth.dll
0x00007ffe87680000 - 0x00007ffe8769d000 	C:\WINDOWS\system32\NLAapi.dll
0x00007ffe8bc10000 - 0x00007ffe8bc4b000 	C:\WINDOWS\SYSTEM32\IPHLPAPI.DLL
0x00007ffe8bc60000 - 0x00007ffe8bd2c000 	C:\WINDOWS\SYSTEM32\DNSAPI.dll
0x00007ffe8f040000 - 0x00007ffe8f048000 	C:\WINDOWS\System32\NSI.dll
0x00007ffe6e110000 - 0x00007ffe6e122000 	C:\WINDOWS\System32\winrnr.dll
0x00007ffe7dd20000 - 0x00007ffe7dd2a000 	C:\Windows\System32\rasadhlp.dll
0x00007ffe80860000 - 0x00007ffe808df000 	C:\WINDOWS\System32\fwpuclnt.dll
0x00007ffe8d010000 - 0x00007ffe8d037000 	C:\WINDOWS\System32\bcrypt.dll
0x00007ffe8c1b0000 - 0x00007ffe8c1c8000 	C:\WINDOWS\SYSTEM32\CRYPTSP.dll
0x00007ffe8b8a0000 - 0x00007ffe8b8d4000 	C:\WINDOWS\system32\rsaenh.dll
0x00007ffe8c6d0000 - 0x00007ffe8c6fe000 	C:\WINDOWS\SYSTEM32\USERENV.dll
0x00007ffe8c0d0000 - 0x00007ffe8c0dc000 	C:\WINDOWS\SYSTEM32\CRYPTBASE.dll
0x00007ffe809d0000 - 0x00007ffe809e7000 	C:\WINDOWS\SYSTEM32\dhcpcsvc6.DLL
0x00007ffe80c30000 - 0x00007ffe80c4d000 	C:\WINDOWS\SYSTEM32\dhcpcsvc.DLL

dbghelp: loaded successfully - version: 4.0.5 - missing functions: none
symbol engine: initialized successfully - sym options: 0x614 - pdb path: .;C:\Program Files\Java\jdk-15.0.2\bin;C:\WINDOWS\SYSTEM32;C:\Program Files\AVAST Software\Avast;C:\WINDOWS\WinSxS\amd64_microsoft.windows.common-controls_6595b64144ccf1df_6.0.19041.844_none_ca00b6081b84eb1d;C:\Program Files\Java\jdk-15.0.2\bin\server

VM Arguments:
jvm_args: -Dfile.encoding=UTF-8 
java_command: com.world.beauty.BeautyApplication
java_class_path (initial): D:\Desktop\fatec\Gerson\beauty\target\classes;C:\Users\felipe.silva\.m2\repository\org\springframework\boot\spring-boot-starter-data-jpa\2.4.4\spring-boot-starter-data-jpa-2.4.4.jar;C:\Users\felipe.silva\.m2\repository\org\springframework\boot\spring-boot-starter-aop\2.4.4\spring-boot-starter-aop-2.4.4.jar;C:\Users\felipe.silva\.m2\repository\org\springframework\spring-aop\5.3.5\spring-aop-5.3.5.jar;C:\Users\felipe.silva\.m2\repository\org\aspectj\aspectjweaver\1.9.6\aspectjweaver-1.9.6.jar;C:\Users\felipe.silva\.m2\repository\org\springframework\boot\spring-boot-starter-jdbc\2.4.4\spring-boot-starter-jdbc-2.4.4.jar;C:\Users\felipe.silva\.m2\repository\com\zaxxer\HikariCP\3.4.5\HikariCP-3.4.5.jar;C:\Users\felipe.silva\.m2\repository\org\springframework\spring-jdbc\5.3.5\spring-jdbc-5.3.5.jar;C:\Users\felipe.silva\.m2\repository\jakarta\transaction\jakarta.transaction-api\1.3.3\jakarta.transaction-api-1.3.3.jar;C:\Users\felipe.silva\.m2\repository\jakarta\persistence\jakarta.persistence-api\2.2.3\jakarta.persistence-api-2.2.3.jar;C:\Users\felipe.silva\.m2\repository\org\springframework\data\spring-data-jpa\2.4.6\spring-data-jpa-2.4.6.jar;C:\Users\felipe.silva\.m2\repository\org\springframework\data\spring-data-commons\2.4.6\spring-data-commons-2.4.6.jar;C:\Users\felipe.silva\.m2\repository\org\springframework\spring-orm\5.3.5\spring-orm-5.3.5.jar;C:\Users\felipe.silva\.m2\repository\org\springframework\spring-context\5.3.5\spring-context-5.3.5.jar;C:\Users\felipe.silva\.m2\repository\org\springframework\spring-tx\5.3.5\spring-tx-5.3.5.jar;C:\Users\felipe.silva\.m2\repository\org\springframework\spring-beans\5.3.5\spring-beans-5.3.5.jar;C:\Users\felipe.silva\.m2\repository\org\springframework\spring-aspects\5.3.5\spring-aspects-5.3.5.jar;C:\Users\felipe.silva\.m2\repository\org\hibernate\hibernate-entitymanager\5.4.29.Final\hibernate-entitymanager-5.4.29.Final.jar;C:\Users\felipe.silva\.m2\repository\org\jboss\logging\jboss-logging\3.4.1.F
Launcher Type: SUN_STANDARD

[Global flags]
     intx CICompilerCount                          = 4                                         {product} {ergonomic}
     uint ConcGCThreads                            = 2                                         {product} {ergonomic}
     uint G1ConcRefinementThreads                  = 8                                         {product} {ergonomic}
   size_t G1HeapRegionSize                         = 1048576                                   {product} {ergonomic}
    uintx GCDrainStackTargetSize                   = 64                                        {product} {ergonomic}
   size_t InitialHeapSize                          = 132120576                                 {product} {ergonomic}
   size_t MarkStackSize                            = 4194304                                   {product} {ergonomic}
   size_t MaxHeapSize                              = 2095054848                                {product} {ergonomic}
   size_t MaxNewSize                               = 1256194048                                {product} {ergonomic}
   size_t MinHeapDeltaBytes                        = 1048576                                   {product} {ergonomic}
   size_t MinHeapSize                              = 8388608                                   {product} {ergonomic}
    uintx NonNMethodCodeHeapSize                   = 5839372                                {pd product} {ergonomic}
    uintx NonProfiledCodeHeapSize                  = 122909434                              {pd product} {ergonomic}
    uintx ProfiledCodeHeapSize                     = 122909434                              {pd product} {ergonomic}
    uintx ReservedCodeCacheSize                    = 251658240                              {pd product} {ergonomic}
     bool SegmentedCodeCache                       = true                                      {product} {ergonomic}
   size_t SoftMaxHeapSize                          = 2095054848                             {manageable} {ergonomic}
     bool UseCompressedClassPointers               = true                                 {lp64_product} {ergonomic}
     bool UseCompressedOops                        = true                                 {lp64_product} {ergonomic}
     bool UseG1GC                                  = true                                      {product} {ergonomic}
     bool UseLargePagesIndividualAllocation        = false                                  {pd product} {ergonomic}

Logging:
Log output configuration:
 #0: stdout all=warning uptime,level,tags
 #1: stderr all=off uptime,level,tags

Environment Variables:
PATH=C:/Program Files/Java/jdk-11.0.6/bin/server;C:/Program Files/Java/jdk-11.0.6/bin;C:\Program Files\Common Files\Oracle\Java\javapath;C:\Program Files (x86)\Common Files\Oracle\Java\javapath;C:\Program Files\Microsoft MPI\Bin\;C:\WINDOWS\system32;C:\WINDOWS;C:\WINDOWS\System32\Wbem;C:\WINDOWS\System32\WindowsPowerShell\v1.0\;C:\WINDOWS\System32\OpenSSH\;C:\Program Files (x86)\Microsoft SQL Server\Client SDK\ODBC\130\Tools\Binn\;C:\Program Files (x86)\Microsoft SQL Server\140\Tools\Binn\;C:\Program Files (x86)\Microsoft SQL Server\140\DTS\Binn\;C:\Program Files (x86)\Microsoft SQL Server\140\Tools\Binn\ManagementStudio\;C:\Program Files\Microsoft SQL Server\Client SDK\ODBC\130\Tools\Binn\;C:\Program Files\Microsoft SQL Server\140\Tools\Binn\;C:\Program Files\Microsoft SQL Server\140\DTS\Binn\;C:\Program Files (x86)\OpenVPN\bin;C:\Program Files\TortoiseSVN\bin;C:\Program Files\dotnet\;C:\Program Files\Microsoft SQL Server\130\Tools\Binn\;C:\Program Files\MySQL\MySQL Server 5.5\bin;C:\Program Files\Microsoft SQL Server\Client SDK\ODBC\170\Tools\Binn\;C:\Program Files\Git\cmd;C:\Users\felipe.silva\AppData\Local\Microsoft\WindowsApps;C:\Users\felipe.silva\AppData\Local\Programs\Microsoft VS Code\bin;C:\Users\felipe.silva\AppData\Local\GitHubDesktop\bin;C:\dev\apache-maven-3.8.1\bin;;C:\Users\felipe.silva\eclipse\jee-2019-12\eclipse;
USERNAME=felipe.silva
OS=Windows_NT
PROCESSOR_IDENTIFIER=Intel64 Family 6 Model 158 Stepping 10, GenuineIntel



---------------  S Y S T E M  ---------------

OS:
 Windows 10 , 64 bit Build 19041 (10.0.19041.928)
OS uptime: 0 days 2:27 hours
HyperV virtualization detected

CPU: total 8 (initial active 8) (4 cores per cpu, 2 threads per core) family 6 model 158 stepping 10 microcode 0xb4, cmov, cx8, fxsr, mmx, sse, sse2, sse3, ssse3, sse4.1, sse4.2, popcnt, vzeroupper, avx, avx2, aes, clmul, erms, 3dnowpref, lzcnt, ht, tsc, tscinvbit, bmi1, bmi2, adx, fma, clflush, clflushopt

Memory: 4k page, system-wide physical 7986M (872M free)
TotalPageFile size 32562M (AvailPageFile size 130M)
current process WorkingSet (physical memory assigned to process): 236M, peak: 285M
current process commit charge ("private bytes"): 309M, peak: 325M

vm_info: Java HotSpot(TM) 64-Bit Server VM (15.0.2+7-27) for windows-amd64 JRE (15.0.2+7-27), built on Dec  7 2020 20:07:01 by "mach5one" with unknown MS VC++:1925

END.
